{"/Users/admin-mac/Dropbox/Work/Blacklisted/Projects/NPM packages/seabird/lib/messages.js": {"path":"/Users/admin-mac/Dropbox/Work/Blacklisted/Projects/NPM packages/seabird/lib/messages.js","statementMap":{"0":{"start":{"line":1,"column":14},"end":{"line":1,"column":30}},"1":{"start":{"line":2,"column":14},"end":{"line":2,"column":35}},"2":{"start":{"line":3,"column":12},"end":{"line":3,"column":26}},"3":{"start":{"line":4,"column":15},"end":{"line":4,"column":32}},"4":{"start":{"line":8,"column":4},"end":{"line":8,"column":31}},"5":{"start":{"line":11,"column":15},"end":{"line":22,"column":1}},"6":{"start":{"line":24,"column":0},"end":{"line":45,"column":1}},"7":{"start":{"line":25,"column":28},"end":{"line":25,"column":93}},"8":{"start":{"line":26,"column":27},"end":{"line":26,"column":98}},"9":{"start":{"line":27,"column":24},"end":{"line":27,"column":114}},"10":{"start":{"line":28,"column":30},"end":{"line":28,"column":97}},"11":{"start":{"line":29,"column":23},"end":{"line":29,"column":77}},"12":{"start":{"line":32,"column":8},"end":{"line":32,"column":46}},"13":{"start":{"line":36,"column":8},"end":{"line":43,"column":9}},"14":{"start":{"line":37,"column":12},"end":{"line":40,"column":14}},"15":{"start":{"line":38,"column":24},"end":{"line":38,"column":70}},"16":{"start":{"line":39,"column":16},"end":{"line":39,"column":89}},"17":{"start":{"line":42,"column":12},"end":{"line":42,"column":75}},"18":{"start":{"line":42,"column":34},"end":{"line":42,"column":74}}},"fnMap":{"0":{"name":"(anonymous_0)","decl":{"start":{"line":25,"column":22},"end":{"line":25,"column":23}},"loc":{"start":{"line":25,"column":28},"end":{"line":25,"column":93}},"line":25},"1":{"name":"(anonymous_1)","decl":{"start":{"line":26,"column":21},"end":{"line":26,"column":22}},"loc":{"start":{"line":26,"column":27},"end":{"line":26,"column":98}},"line":26},"2":{"name":"(anonymous_2)","decl":{"start":{"line":27,"column":18},"end":{"line":27,"column":19}},"loc":{"start":{"line":27,"column":24},"end":{"line":27,"column":114}},"line":27},"3":{"name":"(anonymous_3)","decl":{"start":{"line":28,"column":24},"end":{"line":28,"column":25}},"loc":{"start":{"line":28,"column":30},"end":{"line":28,"column":97}},"line":28},"4":{"name":"(anonymous_4)","decl":{"start":{"line":29,"column":17},"end":{"line":29,"column":18}},"loc":{"start":{"line":29,"column":23},"end":{"line":29,"column":77}},"line":29},"5":{"name":"(anonymous_5)","decl":{"start":{"line":31,"column":18},"end":{"line":31,"column":19}},"loc":{"start":{"line":31,"column":24},"end":{"line":33,"column":5}},"line":31},"6":{"name":"(anonymous_6)","decl":{"start":{"line":35,"column":17},"end":{"line":35,"column":18}},"loc":{"start":{"line":35,"column":26},"end":{"line":44,"column":5}},"line":35},"7":{"name":"(anonymous_7)","decl":{"start":{"line":37,"column":39},"end":{"line":37,"column":40}},"loc":{"start":{"line":37,"column":46},"end":{"line":40,"column":13}},"line":37},"8":{"name":"(anonymous_8)","decl":{"start":{"line":42,"column":26},"end":{"line":42,"column":27}},"loc":{"start":{"line":42,"column":34},"end":{"line":42,"column":74}},"line":42}},"branchMap":{"0":{"loc":{"start":{"line":36,"column":8},"end":{"line":43,"column":9}},"type":"if","locations":[{"start":{"line":36,"column":8},"end":{"line":43,"column":9}},{"start":{"line":36,"column":8},"end":{"line":43,"column":9}}],"line":36}},"s":{"0":1,"1":1,"2":1,"3":1,"4":1,"5":1,"6":1,"7":0,"8":0,"9":0,"10":0,"11":0,"12":0,"13":0,"14":0,"15":0,"16":0,"17":0,"18":0},"f":{"0":0,"1":0,"2":0,"3":0,"4":0,"5":0,"6":0,"7":0,"8":0},"b":{"0":[0,0]},"_coverageSchema":"1a1c01bbd47fc00a2c39e90264f33305004495a9","hash":"946978b3e23ee11042ff5b5f950024222a268aa9"}
,"/Users/admin-mac/Dropbox/Work/Blacklisted/Projects/NPM packages/seabird/lib/prompts.js": {"path":"/Users/admin-mac/Dropbox/Work/Blacklisted/Projects/NPM packages/seabird/lib/prompts.js","statementMap":{"0":{"start":{"line":1,"column":17},"end":{"line":1,"column":36}},"1":{"start":{"line":2,"column":14},"end":{"line":2,"column":30}},"2":{"start":{"line":4,"column":0},"end":{"line":102,"column":1}},"3":{"start":{"line":7,"column":30},"end":{"line":23,"column":13}},"4":{"start":{"line":25,"column":12},"end":{"line":25,"column":45}},"5":{"start":{"line":29,"column":30},"end":{"line":39,"column":13}},"6":{"start":{"line":35,"column":24},"end":{"line":36,"column":68}},"7":{"start":{"line":41,"column":12},"end":{"line":41,"column":45}},"8":{"start":{"line":45,"column":30},"end":{"line":61,"column":13}},"9":{"start":{"line":51,"column":24},"end":{"line":52,"column":73}},"10":{"start":{"line":63,"column":12},"end":{"line":63,"column":45}},"11":{"start":{"line":69,"column":30},"end":{"line":79,"column":13}},"12":{"start":{"line":75,"column":24},"end":{"line":76,"column":45}},"13":{"start":{"line":81,"column":12},"end":{"line":81,"column":45}},"14":{"start":{"line":87,"column":30},"end":{"line":97,"column":13}},"15":{"start":{"line":93,"column":24},"end":{"line":94,"column":45}},"16":{"start":{"line":99,"column":12},"end":{"line":99,"column":45}}},"fnMap":{"0":{"name":"(anonymous_0)","decl":{"start":{"line":6,"column":23},"end":{"line":6,"column":24}},"loc":{"start":{"line":6,"column":29},"end":{"line":26,"column":9}},"line":6},"1":{"name":"(anonymous_1)","decl":{"start":{"line":28,"column":24},"end":{"line":28,"column":25}},"loc":{"start":{"line":28,"column":30},"end":{"line":42,"column":9}},"line":28},"2":{"name":"(anonymous_2)","decl":{"start":{"line":34,"column":30},"end":{"line":34,"column":31}},"loc":{"start":{"line":34,"column":39},"end":{"line":37,"column":21}},"line":34},"3":{"name":"(anonymous_3)","decl":{"start":{"line":44,"column":29},"end":{"line":44,"column":30}},"loc":{"start":{"line":44,"column":35},"end":{"line":64,"column":9}},"line":44},"4":{"name":"(anonymous_4)","decl":{"start":{"line":50,"column":30},"end":{"line":50,"column":31}},"loc":{"start":{"line":50,"column":39},"end":{"line":53,"column":21}},"line":50},"5":{"name":"(anonymous_5)","decl":{"start":{"line":68,"column":23},"end":{"line":68,"column":24}},"loc":{"start":{"line":68,"column":29},"end":{"line":82,"column":9}},"line":68},"6":{"name":"(anonymous_6)","decl":{"start":{"line":74,"column":30},"end":{"line":74,"column":31}},"loc":{"start":{"line":74,"column":39},"end":{"line":77,"column":21}},"line":74},"7":{"name":"(anonymous_7)","decl":{"start":{"line":86,"column":28},"end":{"line":86,"column":29}},"loc":{"start":{"line":86,"column":34},"end":{"line":100,"column":9}},"line":86},"8":{"name":"(anonymous_8)","decl":{"start":{"line":92,"column":30},"end":{"line":92,"column":31}},"loc":{"start":{"line":92,"column":39},"end":{"line":95,"column":21}},"line":92}},"branchMap":{"0":{"loc":{"start":{"line":35,"column":31},"end":{"line":36,"column":68}},"type":"cond-expr","locations":[{"start":{"line":36,"column":30},"end":{"line":36,"column":34}},{"start":{"line":36,"column":37},"end":{"line":36,"column":68}}],"line":35},"1":{"loc":{"start":{"line":51,"column":31},"end":{"line":52,"column":73}},"type":"cond-expr","locations":[{"start":{"line":52,"column":30},"end":{"line":52,"column":34}},{"start":{"line":52,"column":37},"end":{"line":52,"column":73}}],"line":51},"2":{"loc":{"start":{"line":75,"column":31},"end":{"line":76,"column":45}},"type":"cond-expr","locations":[{"start":{"line":76,"column":30},"end":{"line":76,"column":34}},{"start":{"line":76,"column":37},"end":{"line":76,"column":45}}],"line":75},"3":{"loc":{"start":{"line":93,"column":31},"end":{"line":94,"column":45}},"type":"cond-expr","locations":[{"start":{"line":94,"column":30},"end":{"line":94,"column":34}},{"start":{"line":94,"column":37},"end":{"line":94,"column":45}}],"line":93}},"s":{"0":1,"1":1,"2":1,"3":0,"4":0,"5":0,"6":0,"7":0,"8":0,"9":0,"10":0,"11":0,"12":0,"13":0,"14":0,"15":0,"16":0},"f":{"0":0,"1":0,"2":0,"3":0,"4":0,"5":0,"6":0,"7":0,"8":0},"b":{"0":[0,0],"1":[0,0],"2":[0,0],"3":[0,0]},"_coverageSchema":"1a1c01bbd47fc00a2c39e90264f33305004495a9","hash":"a7966be4b3130192f1d5f42b37ec20fb2d862b39"}
,"/Users/admin-mac/Dropbox/Work/Blacklisted/Projects/NPM packages/seabird/lib/data/constants.js": {"path":"/Users/admin-mac/Dropbox/Work/Blacklisted/Projects/NPM packages/seabird/lib/data/constants.js","statementMap":{"0":{"start":{"line":2,"column":0},"end":{"line":9,"column":1}}},"fnMap":{},"branchMap":{},"s":{"0":2},"f":{},"b":{},"_coverageSchema":"1a1c01bbd47fc00a2c39e90264f33305004495a9","hash":"fce5e88306b2b34bf0810a0ec3b52b6fd4fb8981"}
,"/Users/admin-mac/Dropbox/Work/Blacklisted/Projects/NPM packages/seabird/lib/data/reservedWordsList.js": {"path":"/Users/admin-mac/Dropbox/Work/Blacklisted/Projects/NPM packages/seabird/lib/data/reservedWordsList.js","statementMap":{"0":{"start":{"line":1,"column":0},"end":{"line":48,"column":1}}},"fnMap":{},"branchMap":{},"s":{"0":1},"f":{},"b":{},"_coverageSchema":"1a1c01bbd47fc00a2c39e90264f33305004495a9","hash":"2d51166e1d57d34decf42a3e4b5885551c2a9929"}
,"/Users/admin-mac/Dropbox/Work/Blacklisted/Projects/NPM packages/seabird/lib/utils/childProcess.js": {"path":"/Users/admin-mac/Dropbox/Work/Blacklisted/Projects/NPM packages/seabird/lib/utils/childProcess.js","statementMap":{"0":{"start":{"line":1,"column":22},"end":{"line":1,"column":46}},"1":{"start":{"line":4,"column":0},"end":{"line":58,"column":1}},"2":{"start":{"line":8,"column":25},"end":{"line":23,"column":10}},"3":{"start":{"line":9,"column":12},"end":{"line":9,"column":63}},"4":{"start":{"line":11,"column":25},"end":{"line":11,"column":89}},"5":{"start":{"line":12,"column":25},"end":{"line":12,"column":89}},"6":{"start":{"line":14,"column":12},"end":{"line":15,"column":93}},"7":{"start":{"line":15,"column":16},"end":{"line":15,"column":93}},"8":{"start":{"line":15,"column":50},"end":{"line":15,"column":92}},"9":{"start":{"line":18,"column":12},"end":{"line":19,"column":93}},"10":{"start":{"line":19,"column":16},"end":{"line":19,"column":93}},"11":{"start":{"line":19,"column":50},"end":{"line":19,"column":92}},"12":{"start":{"line":21,"column":12},"end":{"line":21,"column":37}},"13":{"start":{"line":22,"column":12},"end":{"line":22,"column":80}},"14":{"start":{"line":22,"column":42},"end":{"line":22,"column":79}},"15":{"start":{"line":25,"column":8},"end":{"line":28,"column":10}},"16":{"start":{"line":30,"column":8},"end":{"line":30,"column":22}},"17":{"start":{"line":36,"column":25},"end":{"line":49,"column":10}},"18":{"start":{"line":37,"column":12},"end":{"line":39,"column":13}},"19":{"start":{"line":38,"column":16},"end":{"line":38,"column":63}},"20":{"start":{"line":41,"column":12},"end":{"line":41,"column":45}},"21":{"start":{"line":42,"column":12},"end":{"line":42,"column":75}},"22":{"start":{"line":42,"column":46},"end":{"line":42,"column":72}},"23":{"start":{"line":44,"column":12},"end":{"line":44,"column":45}},"24":{"start":{"line":45,"column":12},"end":{"line":45,"column":75}},"25":{"start":{"line":45,"column":46},"end":{"line":45,"column":72}},"26":{"start":{"line":46,"column":12},"end":{"line":46,"column":76}},"27":{"start":{"line":46,"column":47},"end":{"line":46,"column":73}},"28":{"start":{"line":48,"column":12},"end":{"line":48,"column":39}},"29":{"start":{"line":51,"column":8},"end":{"line":54,"column":10}},"30":{"start":{"line":56,"column":8},"end":{"line":56,"column":22}},"31":{"start":{"line":61,"column":12},"end":{"line":61,"column":26}}},"fnMap":{"0":{"name":"(anonymous_0)","decl":{"start":{"line":5,"column":11},"end":{"line":5,"column":12}},"loc":{"start":{"line":5,"column":39},"end":{"line":31,"column":5}},"line":5},"1":{"name":"(anonymous_1)","decl":{"start":{"line":8,"column":37},"end":{"line":8,"column":38}},"loc":{"start":{"line":8,"column":58},"end":{"line":23,"column":9}},"line":8},"2":{"name":"(anonymous_2)","decl":{"start":{"line":15,"column":40},"end":{"line":15,"column":41}},"loc":{"start":{"line":15,"column":50},"end":{"line":15,"column":92}},"line":15},"3":{"name":"(anonymous_3)","decl":{"start":{"line":19,"column":40},"end":{"line":19,"column":41}},"loc":{"start":{"line":19,"column":50},"end":{"line":19,"column":92}},"line":19},"4":{"name":"(anonymous_4)","decl":{"start":{"line":22,"column":30},"end":{"line":22,"column":31}},"loc":{"start":{"line":22,"column":42},"end":{"line":22,"column":79}},"line":22},"5":{"name":"(anonymous_5)","decl":{"start":{"line":33,"column":10},"end":{"line":33,"column":11}},"loc":{"start":{"line":33,"column":32},"end":{"line":57,"column":5}},"line":33},"6":{"name":"(anonymous_6)","decl":{"start":{"line":36,"column":37},"end":{"line":36,"column":38}},"loc":{"start":{"line":36,"column":58},"end":{"line":49,"column":9}},"line":36},"7":{"name":"(anonymous_7)","decl":{"start":{"line":37,"column":57},"end":{"line":37,"column":58}},"loc":{"start":{"line":38,"column":16},"end":{"line":38,"column":63}},"line":38},"8":{"name":"(anonymous_8)","decl":{"start":{"line":42,"column":36},"end":{"line":42,"column":37}},"loc":{"start":{"line":42,"column":44},"end":{"line":42,"column":74}},"line":42},"9":{"name":"(anonymous_9)","decl":{"start":{"line":45,"column":36},"end":{"line":45,"column":37}},"loc":{"start":{"line":45,"column":44},"end":{"line":45,"column":74}},"line":45},"10":{"name":"(anonymous_10)","decl":{"start":{"line":46,"column":37},"end":{"line":46,"column":38}},"loc":{"start":{"line":46,"column":45},"end":{"line":46,"column":75}},"line":46},"11":{"name":"(anonymous_11)","decl":{"start":{"line":48,"column":30},"end":{"line":48,"column":31}},"loc":{"start":{"line":48,"column":36},"end":{"line":48,"column":38}},"line":48}},"branchMap":{"0":{"loc":{"start":{"line":11,"column":25},"end":{"line":11,"column":89}},"type":"cond-expr","locations":[{"start":{"line":11,"column":67},"end":{"line":11,"column":82}},{"start":{"line":11,"column":85},"end":{"line":11,"column":89}}],"line":11},"1":{"loc":{"start":{"line":11,"column":26},"end":{"line":11,"column":63}},"type":"binary-expr","locations":[{"start":{"line":11,"column":26},"end":{"line":11,"column":38}},{"start":{"line":11,"column":42},"end":{"line":11,"column":63}}],"line":11},"2":{"loc":{"start":{"line":12,"column":25},"end":{"line":12,"column":89}},"type":"cond-expr","locations":[{"start":{"line":12,"column":67},"end":{"line":12,"column":82}},{"start":{"line":12,"column":85},"end":{"line":12,"column":89}}],"line":12},"3":{"loc":{"start":{"line":12,"column":26},"end":{"line":12,"column":63}},"type":"binary-expr","locations":[{"start":{"line":12,"column":26},"end":{"line":12,"column":38}},{"start":{"line":12,"column":42},"end":{"line":12,"column":63}}],"line":12},"4":{"loc":{"start":{"line":14,"column":12},"end":{"line":15,"column":93}},"type":"if","locations":[{"start":{"line":14,"column":12},"end":{"line":15,"column":93}},{"start":{"line":14,"column":12},"end":{"line":15,"column":93}}],"line":14},"5":{"loc":{"start":{"line":18,"column":12},"end":{"line":19,"column":93}},"type":"if","locations":[{"start":{"line":18,"column":12},"end":{"line":19,"column":93}},{"start":{"line":18,"column":12},"end":{"line":19,"column":93}}],"line":18},"6":{"loc":{"start":{"line":38,"column":16},"end":{"line":38,"column":63}},"type":"cond-expr","locations":[{"start":{"line":38,"column":22},"end":{"line":38,"column":33}},{"start":{"line":38,"column":36},"end":{"line":38,"column":63}}],"line":38}},"s":{"0":1,"1":1,"2":0,"3":0,"4":0,"5":0,"6":0,"7":0,"8":0,"9":0,"10":0,"11":0,"12":0,"13":0,"14":0,"15":0,"16":0,"17":0,"18":0,"19":0,"20":0,"21":0,"22":0,"23":0,"24":0,"25":0,"26":0,"27":0,"28":0,"29":0,"30":0,"31":1},"f":{"0":0,"1":0,"2":0,"3":0,"4":0,"5":0,"6":0,"7":0,"8":0,"9":0,"10":0,"11":0},"b":{"0":[0,0],"1":[0,0],"2":[0,0],"3":[0,0],"4":[0,0],"5":[0,0],"6":[0,0]},"_coverageSchema":"1a1c01bbd47fc00a2c39e90264f33305004495a9","hash":"f1d4abf76801f2247a1b84515524e9f395bfd170"}
,"/Users/admin-mac/Dropbox/Work/Blacklisted/Projects/NPM packages/seabird/lib/utils/ejs.js": {"path":"/Users/admin-mac/Dropbox/Work/Blacklisted/Projects/NPM packages/seabird/lib/utils/ejs.js","statementMap":{"0":{"start":{"line":1,"column":25},"end":{"line":1,"column":61}},"1":{"start":{"line":3,"column":0},"end":{"line":12,"column":1}},"2":{"start":{"line":5,"column":26},"end":{"line":5,"column":31}},"3":{"start":{"line":6,"column":8},"end":{"line":8,"column":10}},"4":{"start":{"line":7,"column":12},"end":{"line":7,"column":66}},"5":{"start":{"line":7,"column":48},"end":{"line":7,"column":66}},"6":{"start":{"line":10,"column":8},"end":{"line":10,"column":26}}},"fnMap":{"0":{"name":"(anonymous_0)","decl":{"start":{"line":4,"column":29},"end":{"line":4,"column":30}},"loc":{"start":{"line":4,"column":40},"end":{"line":11,"column":5}},"line":4},"1":{"name":"(anonymous_1)","decl":{"start":{"line":6,"column":37},"end":{"line":6,"column":38}},"loc":{"start":{"line":6,"column":44},"end":{"line":8,"column":9}},"line":6}},"branchMap":{"0":{"loc":{"start":{"line":7,"column":12},"end":{"line":7,"column":66}},"type":"if","locations":[{"start":{"line":7,"column":12},"end":{"line":7,"column":66}},{"start":{"line":7,"column":12},"end":{"line":7,"column":66}}],"line":7}},"s":{"0":1,"1":1,"2":2,"3":2,"4":2,"5":1,"6":2},"f":{"0":2,"1":2},"b":{"0":[1,1]},"_coverageSchema":"1a1c01bbd47fc00a2c39e90264f33305004495a9","hash":"a26c5c4928264a4ea9f719397dfa626084c45372"}
,"/Users/admin-mac/Dropbox/Work/Blacklisted/Projects/NPM packages/seabird/lib/utils/fileSystem.js": {"path":"/Users/admin-mac/Dropbox/Work/Blacklisted/Projects/NPM packages/seabird/lib/utils/fileSystem.js","statementMap":{"0":{"start":{"line":1,"column":11},"end":{"line":1,"column":24}},"1":{"start":{"line":2,"column":15},"end":{"line":2,"column":33}},"2":{"start":{"line":3,"column":17},"end":{"line":3,"column":37}},"3":{"start":{"line":7,"column":4},"end":{"line":7,"column":32}},"4":{"start":{"line":9,"column":0},"end":{"line":37,"column":1}},"5":{"start":{"line":11,"column":24},"end":{"line":11,"column":40}},"6":{"start":{"line":12,"column":8},"end":{"line":17,"column":10}},"7":{"start":{"line":13,"column":12},"end":{"line":14,"column":63}},"8":{"start":{"line":16,"column":12},"end":{"line":16,"column":22}},"9":{"start":{"line":21,"column":19},"end":{"line":21,"column":49}},"10":{"start":{"line":22,"column":8},"end":{"line":22,"column":31}},"11":{"start":{"line":22,"column":19},"end":{"line":22,"column":31}},"12":{"start":{"line":23,"column":8},"end":{"line":23,"column":53}},"13":{"start":{"line":27,"column":8},"end":{"line":27,"column":64}},"14":{"start":{"line":31,"column":22},"end":{"line":31,"column":37}},"15":{"start":{"line":32,"column":8},"end":{"line":35,"column":9}},"16":{"start":{"line":39,"column":12},"end":{"line":39,"column":26}}},"fnMap":{"0":{"name":"(anonymous_0)","decl":{"start":{"line":10,"column":16},"end":{"line":10,"column":17}},"loc":{"start":{"line":10,"column":23},"end":{"line":18,"column":5}},"line":10},"1":{"name":"(anonymous_1)","decl":{"start":{"line":12,"column":51},"end":{"line":12,"column":52}},"loc":{"start":{"line":12,"column":58},"end":{"line":15,"column":9}},"line":12},"2":{"name":"(anonymous_2)","decl":{"start":{"line":15,"column":17},"end":{"line":15,"column":18}},"loc":{"start":{"line":15,"column":24},"end":{"line":17,"column":9}},"line":15},"3":{"name":"(anonymous_3)","decl":{"start":{"line":20,"column":17},"end":{"line":20,"column":18}},"loc":{"start":{"line":20,"column":29},"end":{"line":24,"column":5}},"line":20},"4":{"name":"(anonymous_4)","decl":{"start":{"line":26,"column":22},"end":{"line":26,"column":23}},"loc":{"start":{"line":26,"column":42},"end":{"line":28,"column":5}},"line":26},"5":{"name":"(anonymous_5)","decl":{"start":{"line":30,"column":18},"end":{"line":30,"column":19}},"loc":{"start":{"line":30,"column":26},"end":{"line":36,"column":5}},"line":30}},"branchMap":{"0":{"loc":{"start":{"line":11,"column":24},"end":{"line":11,"column":40}},"type":"binary-expr","locations":[{"start":{"line":11,"column":24},"end":{"line":11,"column":27}},{"start":{"line":11,"column":31},"end":{"line":11,"column":40}}],"line":11},"1":{"loc":{"start":{"line":13,"column":19},"end":{"line":14,"column":63}},"type":"binary-expr","locations":[{"start":{"line":13,"column":19},"end":{"line":13,"column":35}},{"start":{"line":14,"column":20},"end":{"line":14,"column":36}},{"start":{"line":14,"column":40},"end":{"line":14,"column":62}}],"line":13},"2":{"loc":{"start":{"line":22,"column":8},"end":{"line":22,"column":31}},"type":"if","locations":[{"start":{"line":22,"column":8},"end":{"line":22,"column":31}},{"start":{"line":22,"column":8},"end":{"line":22,"column":31}}],"line":22}},"s":{"0":1,"1":1,"2":1,"3":1,"4":1,"5":2,"6":2,"7":2,"8":0,"9":1,"10":1,"11":0,"12":1,"13":1,"14":1,"15":1,"16":1},"f":{"0":2,"1":2,"2":0,"3":1,"4":1,"5":1},"b":{"0":[2,0],"1":[2,1,1],"2":[0,1]},"_coverageSchema":"1a1c01bbd47fc00a2c39e90264f33305004495a9","hash":"b5fb63de6130c86dd1877e15f433939aaef0f089"}
,"/Users/admin-mac/Dropbox/Work/Blacklisted/Projects/NPM packages/seabird/lib/utils/vue.js": {"path":"/Users/admin-mac/Dropbox/Work/Blacklisted/Projects/NPM packages/seabird/lib/utils/vue.js","statementMap":{"0":{"start":{"line":1,"column":18},"end":{"line":1,"column":43}},"1":{"start":{"line":3,"column":16},"end":{"line":3,"column":41}},"2":{"start":{"line":4,"column":16},"end":{"line":4,"column":37}},"3":{"start":{"line":5,"column":17},"end":{"line":5,"column":39}},"4":{"start":{"line":7,"column":0},"end":{"line":43,"column":1}},"5":{"start":{"line":9,"column":24},"end":{"line":9,"column":49}},"6":{"start":{"line":10,"column":8},"end":{"line":10,"column":30}},"7":{"start":{"line":10,"column":24},"end":{"line":10,"column":30}},"8":{"start":{"line":12,"column":8},"end":{"line":17,"column":10}},"9":{"start":{"line":13,"column":12},"end":{"line":13,"column":23}},"10":{"start":{"line":16,"column":12},"end":{"line":16,"column":24}},"11":{"start":{"line":21,"column":8},"end":{"line":31,"column":10}},"12":{"start":{"line":22,"column":12},"end":{"line":22,"column":23}},"13":{"start":{"line":24,"column":27},"end":{"line":24,"column":60}},"14":{"start":{"line":25,"column":12},"end":{"line":30,"column":13}},"15":{"start":{"line":26,"column":16},"end":{"line":26,"column":50}},"16":{"start":{"line":29,"column":16},"end":{"line":29,"column":28}},"17":{"start":{"line":35,"column":8},"end":{"line":41,"column":10}},"18":{"start":{"line":36,"column":12},"end":{"line":36,"column":38}},"19":{"start":{"line":37,"column":12},"end":{"line":37,"column":23}},"20":{"start":{"line":40,"column":12},"end":{"line":40,"column":24}},"21":{"start":{"line":46,"column":12},"end":{"line":46,"column":26}}},"fnMap":{"0":{"name":"(anonymous_0)","decl":{"start":{"line":8,"column":18},"end":{"line":8,"column":19}},"loc":{"start":{"line":8,"column":35},"end":{"line":18,"column":5}},"line":8},"1":{"name":"(anonymous_1)","decl":{"start":{"line":12,"column":87},"end":{"line":12,"column":88}},"loc":{"start":{"line":12,"column":93},"end":{"line":14,"column":9}},"line":12},"2":{"name":"(anonymous_2)","decl":{"start":{"line":14,"column":17},"end":{"line":14,"column":18}},"loc":{"start":{"line":14,"column":23},"end":{"line":17,"column":9}},"line":14},"3":{"name":"(anonymous_3)","decl":{"start":{"line":20,"column":17},"end":{"line":20,"column":18}},"loc":{"start":{"line":20,"column":23},"end":{"line":32,"column":5}},"line":20},"4":{"name":"(anonymous_4)","decl":{"start":{"line":21,"column":37},"end":{"line":21,"column":38}},"loc":{"start":{"line":21,"column":43},"end":{"line":23,"column":9}},"line":21},"5":{"name":"(anonymous_5)","decl":{"start":{"line":23,"column":18},"end":{"line":23,"column":19}},"loc":{"start":{"line":23,"column":30},"end":{"line":31,"column":9}},"line":23},"6":{"name":"(anonymous_6)","decl":{"start":{"line":34,"column":19},"end":{"line":34,"column":20}},"loc":{"start":{"line":34,"column":25},"end":{"line":42,"column":5}},"line":34},"7":{"name":"(anonymous_7)","decl":{"start":{"line":35,"column":86},"end":{"line":35,"column":87}},"loc":{"start":{"line":35,"column":92},"end":{"line":38,"column":9}},"line":35},"8":{"name":"(anonymous_8)","decl":{"start":{"line":38,"column":17},"end":{"line":38,"column":18}},"loc":{"start":{"line":38,"column":23},"end":{"line":41,"column":9}},"line":38}},"branchMap":{"0":{"loc":{"start":{"line":10,"column":8},"end":{"line":10,"column":30}},"type":"if","locations":[{"start":{"line":10,"column":8},"end":{"line":10,"column":30}},{"start":{"line":10,"column":8},"end":{"line":10,"column":30}}],"line":10},"1":{"loc":{"start":{"line":25,"column":12},"end":{"line":30,"column":13}},"type":"if","locations":[{"start":{"line":25,"column":12},"end":{"line":30,"column":13}},{"start":{"line":25,"column":12},"end":{"line":30,"column":13}}],"line":25}},"s":{"0":1,"1":1,"2":1,"3":1,"4":1,"5":0,"6":0,"7":0,"8":0,"9":0,"10":0,"11":1,"12":1,"13":0,"14":0,"15":0,"16":0,"17":0,"18":0,"19":0,"20":0,"21":1},"f":{"0":0,"1":0,"2":0,"3":1,"4":1,"5":0,"6":0,"7":0,"8":0},"b":{"0":[0,0],"1":[0,0]},"_coverageSchema":"1a1c01bbd47fc00a2c39e90264f33305004495a9","hash":"b54721758b44619aff711319528e6bb1b751deab"}
}
